#-----------------------------------------------------------
# Vivado v2018.2 (64-bit)
# SW Build 2258646 on Thu Jun 14 20:03:12 MDT 2018
# IP Build 2256618 on Thu Jun 14 22:10:49 MDT 2018
# Start of session at: Tue Sep 11 19:51:40 2018
# Process ID: 5336
# Current directory: C:/Users/84546/Desktop/main
# Command line: vivado.exe -gui_launcher_event rodinguilauncherevent4960 C:\Users\84546\Desktop\main\HDMI_output_test.xpr
# Log file: C:/Users/84546/Desktop/main/vivado.log
# Journal file: C:/Users/84546/Desktop/main\vivado.jou
#-----------------------------------------------------------
start_gui
open_project C:/Users/84546/Desktop/main/HDMI_output_test.xpr
Scanning sources...
Finished scanning sources
INFO: [IP_Flow 19-234] Refreshing IP repositories
INFO: [IP_Flow 19-1704] No user IP repositories specified
INFO: [IP_Flow 19-2313] Loaded Vivado IP repository 'D:/xilinx/Vivado/2018.2/data/ip'.
open_project: Time (s): cpu = 00:00:25 ; elapsed = 00:00:23 . Memory (MB): peak = 842.270 ; gain = 170.938
update_compile_order -fileset sources_1
